2025-10-20 11:00:47 [INFO] Checking for updates...
2025-10-20 11:00:48 [INFO] You are using the latest version: 4.0.0-alpha-2.7.
2025-10-20 11:03:29 [INFO] Checking account...
2025-10-20 11:04:50 [INFO] Checking for updates...
2025-10-20 11:04:50 [INFO] You are using the latest version: 4.0.0-alpha-2.7.
2025-10-20 11:05:14 [INFO] Checking account...
2025-10-20 11:13:48 [INFO] File saved to: C:\Users\nikhi\b2ki-ados\data.json
2025-10-20 11:13:48 [DEBUG] Initializing BaseAgent...
2025-10-20 11:13:48 [INFO] Active channel set to: #✩°-⋆tea-4-you🌿
2025-10-20 11:13:48 [WARNING] Skipping non-JS/TS file: README.md
2025-10-20 11:13:48 [INFO] Registered 13 features.
2025-10-20 11:13:48 [WARNING] Skipping non-JS/TS file: readme.md
2025-10-20 11:13:48 [INFO] Registered 10 commands.
2025-10-20 11:13:48 [DEBUG] Loaded event: commandCreate from A:\VS code\discord.js\owo bot\advanced-discord-owo-tool-farm\src\events\commandCreate.ts
2025-10-20 11:13:48 [DEBUG] Loaded event: dmsCreate from A:\VS code\discord.js\owo bot\advanced-discord-owo-tool-farm\src\events\dmsCreate.ts
2025-10-20 11:13:48 [DEBUG] Loaded event: owoMessageEvent from A:\VS code\discord.js\owo bot\advanced-discord-owo-tool-farm\src\events\owoMessageCreate.ts
2025-10-20 11:13:48 [DEBUG] BaseAgent initialized successfully.
2025-10-20 11:13:48 [INFO] Logged in as: well.being.innocence
2025-10-20 11:13:49 [DEBUG] Configuration updated: autoClover changed from true to false
2025-10-20 11:13:50 [DEBUG] Configuration updated: autoDaily changed from true to false
2025-10-20 11:13:50 [SENT] owo clover 193189255634223105
2025-10-20 11:13:51 [SENT] owo daily
2025-10-20 11:13:53 [SENT] owo huntbot
2025-10-20 11:14:27 [SENT] owo prefix
2025-10-20 11:14:56 [DEBUG] No response received within the specified time (1/5).
2025-10-20 11:14:56 [DEBUG] Configuration updated: useCustomPrefix changed from true to false
2025-10-20 11:14:56 [WARNING] No new prefix found in response.
2025-10-20 11:14:59 [DEBUG] Configuration updated: autoCookie changed from true to false
2025-10-20 11:15:01 [SENT] owo cookie 193189255634223105
2025-10-20 11:15:04 [SENT] owo battle
2025-10-20 11:15:32 [DEBUG] No response received within the specified time (2/5).
2025-10-20 11:15:37 [SENT] owo hunt
2025-10-20 11:16:06 [DEBUG] No response received within the specified time (3/5).
2025-10-20 11:16:13 [SENT] owo battle
2025-10-20 11:16:41 [DEBUG] No response received within the specified time (4/5).
2025-10-20 11:16:44 [SENT] owo hunt
2025-10-20 11:17:13 [DEBUG] No response received within the specified time (5/5).
2025-10-20 11:17:13 [ERROR] Error running feature autoHunt:
2025-10-20 11:17:13 [ERROR] Invalid response count exceeded threshold.
Error: Invalid response count exceeded threshold.
    at MessageCollector.<anonymous> (file:///A:/VS%20code/discord.js/owo%20bot/advanced-discord-owo-tool-farm/src/structure/BaseAgent.ts:1:4177)
    at Object.onceWrapper (node:events:633:26)
    at MessageCollector.emit (node:events:530:35)
    at MessageCollector.stop (A:\VS code\discord.js\owo bot\advanced-discord-owo-tool-farm\node_modules\discord.js-selfbot-v13\src\structures\interfaces\Collector.js:199:10)
    at Timeout.<anonymous> (A:\VS code\discord.js\owo bot\advanced-discord-owo-tool-farm\node_modules\discord.js-selfbot-v13\src\structures\interfaces\Collector.js:89:61)
    at listOnTimeout (node:internal/timers:588:17)
    at process.processTimers (node:internal/timers:523:7)
2025-10-20 11:17:18 [SENT] owo battle
2025-10-20 11:17:46 [DEBUG] No response received within the specified time (6/5).
2025-10-20 11:17:46 [ERROR] Error running feature autoBattle:
2025-10-20 11:17:46 [ERROR] Invalid response count exceeded threshold.
Error: Invalid response count exceeded threshold.
    at MessageCollector.<anonymous> (file:///A:/VS%20code/discord.js/owo%20bot/advanced-discord-owo-tool-farm/src/structure/BaseAgent.ts:1:4177)
    at Object.onceWrapper (node:events:633:26)
    at MessageCollector.emit (node:events:530:35)
    at MessageCollector.stop (A:\VS code\discord.js\owo bot\advanced-discord-owo-tool-farm\node_modules\discord.js-selfbot-v13\src\structures\interfaces\Collector.js:199:10)
    at Timeout.<anonymous> (A:\VS code\discord.js\owo bot\advanced-discord-owo-tool-farm\node_modules\discord.js-selfbot-v13\src\structures\interfaces\Collector.js:89:61)
    at listOnTimeout (node:internal/timers:588:17)
    at process.processTimers (node:internal/timers:523:7)
2025-10-20 11:17:48 [SENT] owo hunt
2025-10-20 11:18:16 [DEBUG] No response received within the specified time (7/5).
2025-10-20 11:18:16 [ERROR] Error running feature autoHunt:
2025-10-20 11:18:16 [ERROR] Invalid response count exceeded threshold.
Error: Invalid response count exceeded threshold.
    at MessageCollector.<anonymous> (file:///A:/VS%20code/discord.js/owo%20bot/advanced-discord-owo-tool-farm/src/structure/BaseAgent.ts:1:4177)
    at Object.onceWrapper (node:events:633:26)
    at MessageCollector.emit (node:events:530:35)
    at MessageCollector.stop (A:\VS code\discord.js\owo bot\advanced-discord-owo-tool-farm\node_modules\discord.js-selfbot-v13\src\structures\interfaces\Collector.js:199:10)
    at Timeout.<anonymous> (A:\VS code\discord.js\owo bot\advanced-discord-owo-tool-farm\node_modules\discord.js-selfbot-v13\src\structures\interfaces\Collector.js:89:61)
    at listOnTimeout (node:internal/timers:588:17)
    at process.processTimers (node:internal/timers:523:7)
2025-10-20 11:18:19 [SENT] owo hunt
2025-10-20 11:18:48 [DEBUG] No response received within the specified time (8/5).
2025-10-20 11:18:48 [ERROR] Error running feature autoHunt:
2025-10-20 11:18:48 [ERROR] Invalid response count exceeded threshold.
Error: Invalid response count exceeded threshold.
    at MessageCollector.<anonymous> (file:///A:/VS%20code/discord.js/owo%20bot/advanced-discord-owo-tool-farm/src/structure/BaseAgent.ts:1:4177)
    at Object.onceWrapper (node:events:633:26)
    at MessageCollector.emit (node:events:530:35)
    at MessageCollector.stop (A:\VS code\discord.js\owo bot\advanced-discord-owo-tool-farm\node_modules\discord.js-selfbot-v13\src\structures\interfaces\Collector.js:199:10)
    at Timeout.<anonymous> (A:\VS code\discord.js\owo bot\advanced-discord-owo-tool-farm\node_modules\discord.js-selfbot-v13\src\structures\interfaces\Collector.js:89:61)
    at listOnTimeout (node:internal/timers:588:17)
    at process.processTimers (node:internal/timers:523:7)
2025-10-20 11:18:49 [SENT] owo battle
2025-10-20 11:19:18 [DEBUG] No response received within the specified time (9/5).
2025-10-20 11:19:18 [ERROR] Error running feature autoBattle:
2025-10-20 11:19:18 [ERROR] Invalid response count exceeded threshold.
Error: Invalid response count exceeded threshold.
    at MessageCollector.<anonymous> (file:///A:/VS%20code/discord.js/owo%20bot/advanced-discord-owo-tool-farm/src/structure/BaseAgent.ts:1:4177)
    at Object.onceWrapper (node:events:633:26)
    at MessageCollector.emit (node:events:530:35)
    at MessageCollector.stop (A:\VS code\discord.js\owo bot\advanced-discord-owo-tool-farm\node_modules\discord.js-selfbot-v13\src\structures\interfaces\Collector.js:199:10)
    at Timeout.<anonymous> (A:\VS code\discord.js\owo bot\advanced-discord-owo-tool-farm\node_modules\discord.js-selfbot-v13\src\structures\interfaces\Collector.js:89:61)
    at listOnTimeout (node:internal/timers:588:17)
    at process.processTimers (node:internal/timers:523:7)
2025-10-20 11:19:22 [SENT] owo hunt
2025-10-20 11:19:51 [DEBUG] No response received within the specified time (10/5).
2025-10-20 11:19:51 [ERROR] Error running feature autoHunt:
2025-10-20 11:19:51 [ERROR] Invalid response count exceeded threshold.
Error: Invalid response count exceeded threshold.
    at MessageCollector.<anonymous> (file:///A:/VS%20code/discord.js/owo%20bot/advanced-discord-owo-tool-farm/src/structure/BaseAgent.ts:1:4177)
    at Object.onceWrapper (node:events:633:26)
    at MessageCollector.emit (node:events:530:35)
    at MessageCollector.stop (A:\VS code\discord.js\owo bot\advanced-discord-owo-tool-farm\node_modules\discord.js-selfbot-v13\src\structures\interfaces\Collector.js:199:10)
    at Timeout.<anonymous> (A:\VS code\discord.js\owo bot\advanced-discord-owo-tool-farm\node_modules\discord.js-selfbot-v13\src\structures\interfaces\Collector.js:89:61)
    at listOnTimeout (node:internal/timers:588:17)
    at process.processTimers (node:internal/timers:523:7)
2025-10-20 11:19:52 [SENT] owo battle
2025-10-20 11:20:21 [DEBUG] No response received within the specified time (11/5).
2025-10-20 11:20:21 [ERROR] Error running feature autoBattle:
2025-10-20 11:20:21 [ERROR] Invalid response count exceeded threshold.
Error: Invalid response count exceeded threshold.
    at MessageCollector.<anonymous> (file:///A:/VS%20code/discord.js/owo%20bot/advanced-discord-owo-tool-farm/src/structure/BaseAgent.ts:1:4177)
    at Object.onceWrapper (node:events:633:26)
    at MessageCollector.emit (node:events:530:35)
    at MessageCollector.stop (A:\VS code\discord.js\owo bot\advanced-discord-owo-tool-farm\node_modules\discord.js-selfbot-v13\src\structures\interfaces\Collector.js:199:10)
    at Timeout.<anonymous> (A:\VS code\discord.js\owo bot\advanced-discord-owo-tool-farm\node_modules\discord.js-selfbot-v13\src\structures\interfaces\Collector.js:89:61)
    at listOnTimeout (node:internal/timers:588:17)
    at process.processTimers (node:internal/timers:523:7)
2025-10-20 11:20:25 [SENT] owo battle
2025-10-20 11:20:54 [DEBUG] No response received within the specified time (12/5).
2025-10-20 11:20:54 [ERROR] Error running feature autoBattle:
2025-10-20 11:20:54 [ERROR] Invalid response count exceeded threshold.
Error: Invalid response count exceeded threshold.
    at MessageCollector.<anonymous> (file:///A:/VS%20code/discord.js/owo%20bot/advanced-discord-owo-tool-farm/src/structure/BaseAgent.ts:1:4177)
    at Object.onceWrapper (node:events:633:26)
    at MessageCollector.emit (node:events:530:35)
    at MessageCollector.stop (A:\VS code\discord.js\owo bot\advanced-discord-owo-tool-farm\node_modules\discord.js-selfbot-v13\src\structures\interfaces\Collector.js:199:10)
    at Timeout.<anonymous> (A:\VS code\discord.js\owo bot\advanced-discord-owo-tool-farm\node_modules\discord.js-selfbot-v13\src\structures\interfaces\Collector.js:89:61)
    at listOnTimeout (node:internal/timers:588:17)
    at process.processTimers (node:internal/timers:523:7)
2025-10-20 11:20:55 [SENT] owo hunt
2025-10-20 11:21:24 [DEBUG] No response received within the specified time (13/5).
2025-10-20 11:21:24 [ERROR] Error running feature autoHunt:
2025-10-20 11:21:24 [ERROR] Invalid response count exceeded threshold.
Error: Invalid response count exceeded threshold.
    at MessageCollector.<anonymous> (file:///A:/VS%20code/discord.js/owo%20bot/advanced-discord-owo-tool-farm/src/structure/BaseAgent.ts:1:4177)
    at Object.onceWrapper (node:events:633:26)
    at MessageCollector.emit (node:events:530:35)
    at MessageCollector.stop (A:\VS code\discord.js\owo bot\advanced-discord-owo-tool-farm\node_modules\discord.js-selfbot-v13\src\structures\interfaces\Collector.js:199:10)
    at Timeout.<anonymous> (A:\VS code\discord.js\owo bot\advanced-discord-owo-tool-farm\node_modules\discord.js-selfbot-v13\src\structures\interfaces\Collector.js:89:61)
    at listOnTimeout (node:internal/timers:588:17)
    at process.processTimers (node:internal/timers:523:7)
2025-10-20 11:21:31 [SENT] owo battle
2025-10-20 11:22:00 [DEBUG] No response received within the specified time (14/5).
2025-10-20 11:22:00 [ERROR] Error running feature autoBattle:
2025-10-20 11:22:00 [ERROR] Invalid response count exceeded threshold.
Error: Invalid response count exceeded threshold.
    at MessageCollector.<anonymous> (file:///A:/VS%20code/discord.js/owo%20bot/advanced-discord-owo-tool-farm/src/structure/BaseAgent.ts:1:4177)
    at Object.onceWrapper (node:events:633:26)
    at MessageCollector.emit (node:events:530:35)
    at MessageCollector.stop (A:\VS code\discord.js\owo bot\advanced-discord-owo-tool-farm\node_modules\discord.js-selfbot-v13\src\structures\interfaces\Collector.js:199:10)
    at Timeout.<anonymous> (A:\VS code\discord.js\owo bot\advanced-discord-owo-tool-farm\node_modules\discord.js-selfbot-v13\src\structures\interfaces\Collector.js:89:61)
    at listOnTimeout (node:internal/timers:588:17)
    at process.processTimers (node:internal/timers:523:7)
2025-10-20 11:22:02 [SENT] owo hunt
2025-10-20 11:22:30 [DEBUG] No response received within the specified time (15/5).
2025-10-20 11:22:30 [ERROR] Error running feature autoHunt:
2025-10-20 11:22:30 [ERROR] Invalid response count exceeded threshold.
Error: Invalid response count exceeded threshold.
    at MessageCollector.<anonymous> (file:///A:/VS%20code/discord.js/owo%20bot/advanced-discord-owo-tool-farm/src/structure/BaseAgent.ts:1:4177)
    at Object.onceWrapper (node:events:633:26)
    at MessageCollector.emit (node:events:530:35)
    at MessageCollector.stop (A:\VS code\discord.js\owo bot\advanced-discord-owo-tool-farm\node_modules\discord.js-selfbot-v13\src\structures\interfaces\Collector.js:199:10)
    at Timeout.<anonymous> (A:\VS code\discord.js\owo bot\advanced-discord-owo-tool-farm\node_modules\discord.js-selfbot-v13\src\structures\interfaces\Collector.js:89:61)
    at listOnTimeout (node:internal/timers:588:17)
    at process.processTimers (node:internal/timers:523:7)
2025-10-20 11:22:36 [SENT] owo hunt
2025-10-20 11:23:05 [DEBUG] No response received within the specified time (16/5).
2025-10-20 11:23:05 [ERROR] Error running feature autoHunt:
2025-10-20 11:23:05 [ERROR] Invalid response count exceeded threshold.
Error: Invalid response count exceeded threshold.
    at MessageCollector.<anonymous> (file:///A:/VS%20code/discord.js/owo%20bot/advanced-discord-owo-tool-farm/src/structure/BaseAgent.ts:1:4177)
    at Object.onceWrapper (node:events:633:26)
    at MessageCollector.emit (node:events:530:35)
    at MessageCollector.stop (A:\VS code\discord.js\owo bot\advanced-discord-owo-tool-farm\node_modules\discord.js-selfbot-v13\src\structures\interfaces\Collector.js:199:10)
    at Timeout.<anonymous> (A:\VS code\discord.js\owo bot\advanced-discord-owo-tool-farm\node_modules\discord.js-selfbot-v13\src\structures\interfaces\Collector.js:89:61)
    at listOnTimeout (node:internal/timers:588:17)
    at process.processTimers (node:internal/timers:523:7)
2025-10-20 11:23:06 [SENT] owo battle
2025-10-20 11:23:35 [DEBUG] No response received within the specified time (17/5).
2025-10-20 11:23:35 [ERROR] Error running feature autoBattle:
2025-10-20 11:23:35 [ERROR] Invalid response count exceeded threshold.
Error: Invalid response count exceeded threshold.
    at MessageCollector.<anonymous> (file:///A:/VS%20code/discord.js/owo%20bot/advanced-discord-owo-tool-farm/src/structure/BaseAgent.ts:1:4177)
    at Object.onceWrapper (node:events:633:26)
    at MessageCollector.emit (node:events:530:35)
    at MessageCollector.stop (A:\VS code\discord.js\owo bot\advanced-discord-owo-tool-farm\node_modules\discord.js-selfbot-v13\src\structures\interfaces\Collector.js:199:10)
    at Timeout.<anonymous> (A:\VS code\discord.js\owo bot\advanced-discord-owo-tool-farm\node_modules\discord.js-selfbot-v13\src\structures\interfaces\Collector.js:89:61)
    at listOnTimeout (node:internal/timers:588:17)
    at process.processTimers (node:internal/timers:523:7)
2025-10-20 11:23:43 [SENT] owo hunt
2025-10-20 11:24:11 [DEBUG] No response received within the specified time (18/5).
2025-10-20 11:24:11 [ERROR] Error running feature autoHunt:
2025-10-20 11:24:11 [ERROR] Invalid response count exceeded threshold.
Error: Invalid response count exceeded threshold.
    at MessageCollector.<anonymous> (file:///A:/VS%20code/discord.js/owo%20bot/advanced-discord-owo-tool-farm/src/structure/BaseAgent.ts:1:4177)
    at Object.onceWrapper (node:events:633:26)
    at MessageCollector.emit (node:events:530:35)
    at MessageCollector.stop (A:\VS code\discord.js\owo bot\advanced-discord-owo-tool-farm\node_modules\discord.js-selfbot-v13\src\structures\interfaces\Collector.js:199:10)
    at Timeout.<anonymous> (A:\VS code\discord.js\owo bot\advanced-discord-owo-tool-farm\node_modules\discord.js-selfbot-v13\src\structures\interfaces\Collector.js:89:61)
    at listOnTimeout (node:internal/timers:588:17)
    at process.processTimers (node:internal/timers:523:7)
2025-10-20 11:24:13 [SENT] owo battle
2025-10-20 11:24:41 [DEBUG] No response received within the specified time (19/5).
2025-10-20 11:24:41 [ERROR] Error running feature autoBattle:
2025-10-20 11:24:41 [ERROR] Invalid response count exceeded threshold.
Error: Invalid response count exceeded threshold.
    at MessageCollector.<anonymous> (file:///A:/VS%20code/discord.js/owo%20bot/advanced-discord-owo-tool-farm/src/structure/BaseAgent.ts:1:4177)
    at Object.onceWrapper (node:events:633:26)
    at MessageCollector.emit (node:events:530:35)
    at MessageCollector.stop (A:\VS code\discord.js\owo bot\advanced-discord-owo-tool-farm\node_modules\discord.js-selfbot-v13\src\structures\interfaces\Collector.js:199:10)
    at Timeout.<anonymous> (A:\VS code\discord.js\owo bot\advanced-discord-owo-tool-farm\node_modules\discord.js-selfbot-v13\src\structures\interfaces\Collector.js:89:61)
    at listOnTimeout (node:internal/timers:588:17)
    at process.processTimers (node:internal/timers:523:7)
2025-10-20 11:24:44 [SENT] owo hunt
2025-10-20 11:25:13 [DEBUG] No response received within the specified time (20/5).
2025-10-20 11:25:13 [ERROR] Error running feature autoHunt:
2025-10-20 11:25:13 [ERROR] Invalid response count exceeded threshold.
Error: Invalid response count exceeded threshold.
    at MessageCollector.<anonymous> (file:///A:/VS%20code/discord.js/owo%20bot/advanced-discord-owo-tool-farm/src/structure/BaseAgent.ts:1:4177)
    at Object.onceWrapper (node:events:633:26)
    at MessageCollector.emit (node:events:530:35)
    at MessageCollector.stop (A:\VS code\discord.js\owo bot\advanced-discord-owo-tool-farm\node_modules\discord.js-selfbot-v13\src\structures\interfaces\Collector.js:199:10)
    at Timeout.<anonymous> (A:\VS code\discord.js\owo bot\advanced-discord-owo-tool-farm\node_modules\discord.js-selfbot-v13\src\structures\interfaces\Collector.js:89:61)
    at listOnTimeout (node:internal/timers:588:17)
    at process.processTimers (node:internal/timers:523:7)
2025-10-20 11:25:14 [SENT] owo battle
2025-10-20 11:25:43 [DEBUG] No response received within the specified time (21/5).
2025-10-20 11:25:43 [ERROR] Error running feature autoBattle:
2025-10-20 11:25:43 [ERROR] Invalid response count exceeded threshold.
Error: Invalid response count exceeded threshold.
    at MessageCollector.<anonymous> (file:///A:/VS%20code/discord.js/owo%20bot/advanced-discord-owo-tool-farm/src/structure/BaseAgent.ts:1:4177)
    at Object.onceWrapper (node:events:633:26)
    at MessageCollector.emit (node:events:530:35)
    at MessageCollector.stop (A:\VS code\discord.js\owo bot\advanced-discord-owo-tool-farm\node_modules\discord.js-selfbot-v13\src\structures\interfaces\Collector.js:199:10)
    at Timeout.<anonymous> (A:\VS code\discord.js\owo bot\advanced-discord-owo-tool-farm\node_modules\discord.js-selfbot-v13\src\structures\interfaces\Collector.js:89:61)
    at listOnTimeout (node:internal/timers:588:17)
    at process.processTimers (node:internal/timers:523:7)
2025-10-20 11:25:45 [SENT] owo battle
2025-10-20 11:26:14 [DEBUG] No response received within the specified time (22/5).
2025-10-20 11:26:14 [ERROR] Error running feature autoBattle:
2025-10-20 11:26:14 [ERROR] Invalid response count exceeded threshold.
Error: Invalid response count exceeded threshold.
    at MessageCollector.<anonymous> (file:///A:/VS%20code/discord.js/owo%20bot/advanced-discord-owo-tool-farm/src/structure/BaseAgent.ts:1:4177)
    at Object.onceWrapper (node:events:633:26)
    at MessageCollector.emit (node:events:530:35)
    at MessageCollector.stop (A:\VS code\discord.js\owo bot\advanced-discord-owo-tool-farm\node_modules\discord.js-selfbot-v13\src\structures\interfaces\Collector.js:199:10)
    at Timeout.<anonymous> (A:\VS code\discord.js\owo bot\advanced-discord-owo-tool-farm\node_modules\discord.js-selfbot-v13\src\structures\interfaces\Collector.js:89:61)
    at listOnTimeout (node:internal/timers:588:17)
    at process.processTimers (node:internal/timers:523:7)
2025-10-20 11:26:15 [SENT] owo hunt
2025-10-20 11:26:44 [DEBUG] No response received within the specified time (23/5).
2025-10-20 11:26:44 [ERROR] Error running feature autoHunt:
2025-10-20 11:26:44 [ERROR] Invalid response count exceeded threshold.
Error: Invalid response count exceeded threshold.
    at MessageCollector.<anonymous> (file:///A:/VS%20code/discord.js/owo%20bot/advanced-discord-owo-tool-farm/src/structure/BaseAgent.ts:1:4177)
    at Object.onceWrapper (node:events:633:26)
    at MessageCollector.emit (node:events:530:35)
    at MessageCollector.stop (A:\VS code\discord.js\owo bot\advanced-discord-owo-tool-farm\node_modules\discord.js-selfbot-v13\src\structures\interfaces\Collector.js:199:10)
    at Timeout.<anonymous> (A:\VS code\discord.js\owo bot\advanced-discord-owo-tool-farm\node_modules\discord.js-selfbot-v13\src\structures\interfaces\Collector.js:89:61)
    at listOnTimeout (node:internal/timers:588:17)
    at process.processTimers (node:internal/timers:523:7)
2025-10-20 11:26:47 [SENT] owo hunt
2025-10-20 11:27:16 [DEBUG] No response received within the specified time (24/5).
2025-10-20 11:27:16 [ERROR] Error running feature autoHunt:
2025-10-20 11:27:16 [ERROR] Invalid response count exceeded threshold.
Error: Invalid response count exceeded threshold.
    at MessageCollector.<anonymous> (file:///A:/VS%20code/discord.js/owo%20bot/advanced-discord-owo-tool-farm/src/structure/BaseAgent.ts:1:4177)
    at Object.onceWrapper (node:events:633:26)
    at MessageCollector.emit (node:events:530:35)
    at MessageCollector.stop (A:\VS code\discord.js\owo bot\advanced-discord-owo-tool-farm\node_modules\discord.js-selfbot-v13\src\structures\interfaces\Collector.js:199:10)
    at Timeout.<anonymous> (A:\VS code\discord.js\owo bot\advanced-discord-owo-tool-farm\node_modules\discord.js-selfbot-v13\src\structures\interfaces\Collector.js:89:61)
    at listOnTimeout (node:internal/timers:588:17)
    at process.processTimers (node:internal/timers:523:7)
2025-10-20 11:27:17 [SENT] owo battle
2025-10-20 11:27:46 [DEBUG] No response received within the specified time (25/5).
2025-10-20 11:27:46 [ERROR] Error running feature autoBattle:
2025-10-20 11:27:46 [ERROR] Invalid response count exceeded threshold.
Error: Invalid response count exceeded threshold.
    at MessageCollector.<anonymous> (file:///A:/VS%20code/discord.js/owo%20bot/advanced-discord-owo-tool-farm/src/structure/BaseAgent.ts:1:4177)
    at Object.onceWrapper (node:events:633:26)
    at MessageCollector.emit (node:events:530:35)
    at MessageCollector.stop (A:\VS code\discord.js\owo bot\advanced-discord-owo-tool-farm\node_modules\discord.js-selfbot-v13\src\structures\interfaces\Collector.js:199:10)
    at Timeout.<anonymous> (A:\VS code\discord.js\owo bot\advanced-discord-owo-tool-farm\node_modules\discord.js-selfbot-v13\src\structures\interfaces\Collector.js:89:61)
    at listOnTimeout (node:internal/timers:588:17)
    at process.processTimers (node:internal/timers:523:7)
2025-10-20 11:27:53 [SENT] owo hunt
2025-10-20 11:28:22 [DEBUG] No response received within the specified time (26/5).
2025-10-20 11:28:22 [ERROR] Error running feature autoHunt:
2025-10-20 11:28:22 [ERROR] Invalid response count exceeded threshold.
Error: Invalid response count exceeded threshold.
    at MessageCollector.<anonymous> (file:///A:/VS%20code/discord.js/owo%20bot/advanced-discord-owo-tool-farm/src/structure/BaseAgent.ts:1:4177)
    at Object.onceWrapper (node:events:633:26)
    at MessageCollector.emit (node:events:530:35)
    at MessageCollector.stop (A:\VS code\discord.js\owo bot\advanced-discord-owo-tool-farm\node_modules\discord.js-selfbot-v13\src\structures\interfaces\Collector.js:199:10)
    at Timeout.<anonymous> (A:\VS code\discord.js\owo bot\advanced-discord-owo-tool-farm\node_modules\discord.js-selfbot-v13\src\structures\interfaces\Collector.js:89:61)
    at listOnTimeout (node:internal/timers:588:17)
    at process.processTimers (node:internal/timers:523:7)
2025-10-20 11:28:23 [SENT] owo battle
2025-10-20 11:28:52 [DEBUG] No response received within the specified time (27/5).
2025-10-20 11:28:52 [ERROR] Error running feature autoBattle:
2025-10-20 11:28:52 [ERROR] Invalid response count exceeded threshold.
Error: Invalid response count exceeded threshold.
    at MessageCollector.<anonymous> (file:///A:/VS%20code/discord.js/owo%20bot/advanced-discord-owo-tool-farm/src/structure/BaseAgent.ts:1:4177)
    at Object.onceWrapper (node:events:633:26)
    at MessageCollector.emit (node:events:530:35)
    at MessageCollector.stop (A:\VS code\discord.js\owo bot\advanced-discord-owo-tool-farm\node_modules\discord.js-selfbot-v13\src\structures\interfaces\Collector.js:199:10)
    at Timeout.<anonymous> (A:\VS code\discord.js\owo bot\advanced-discord-owo-tool-farm\node_modules\discord.js-selfbot-v13\src\structures\interfaces\Collector.js:89:61)
    at listOnTimeout (node:internal/timers:588:17)
    at process.processTimers (node:internal/timers:523:7)
2025-10-20 11:28:57 [SENT] owo huntbot
2025-10-20 11:29:26 [ERROR] Error running feature autoHuntbot:
2025-10-20 11:29:26 [ERROR] Invalid response count exceeded threshold.
Error: Invalid response count exceeded threshold.
    at MessageCollector.<anonymous> (file:///A:/VS%20code/discord.js/owo%20bot/advanced-discord-owo-tool-farm/src/structure/BaseAgent.ts:1:4177)
    at Object.onceWrapper (node:events:633:26)
    at MessageCollector.emit (node:events:530:35)
    at MessageCollector.stop (A:\VS code\discord.js\owo bot\advanced-discord-owo-tool-farm\node_modules\discord.js-selfbot-v13\src\structures\interfaces\Collector.js:199:10)
    at Timeout.<anonymous> (A:\VS code\discord.js\owo bot\advanced-discord-owo-tool-farm\node_modules\discord.js-selfbot-v13\src\structures\interfaces\Collector.js:89:61)
    at listOnTimeout (node:internal/timers:588:17)
    at process.processTimers (node:internal/timers:523:7)
2025-10-20 11:29:27 [SENT] owo battle
2025-10-20 11:29:36 [INFO] Received SIGINT. Stopping selfbot...
2025-10-20 11:29:47 [INFO] Config file generated at A:\VS code\discord.js\owo bot\advanced-discord-owo-tool-farm\config.json
2025-10-20 11:30:10 [INFO] Checking for updates...
2025-10-20 11:30:11 [INFO] You are using the latest version: 4.0.0-alpha-2.7.
2025-10-20 11:30:18 [INFO] Checking account...
2025-10-20 11:30:36 [INFO] Configuration exported to: A:\VS code\discord.js\owo bot\advanced-discord-owo-tool-farm\well.being.innocence.json
2025-10-20 11:34:37 [INFO] Checking for updates...
2025-10-20 11:34:37 [INFO] You are using the latest version: 4.0.0-alpha-2.7.
2025-10-20 11:34:41 [INFO] Checking account...
2025-10-20 11:35:03 [INFO] File saved to: C:\Users\nikhi\b2ki-ados\data.json
2025-10-20 11:35:03 [DEBUG] Initializing BaseAgent...
2025-10-20 11:35:03 [INFO] Active channel set to: #owo-farm
2025-10-20 11:35:03 [WARNING] Skipping non-JS/TS file: README.md
2025-10-20 11:35:03 [INFO] Registered 13 features.
2025-10-20 11:35:03 [WARNING] Skipping non-JS/TS file: readme.md
2025-10-20 11:35:03 [INFO] Registered 10 commands.
2025-10-20 11:35:03 [DEBUG] Loaded event: commandCreate from A:\VS code\discord.js\owo bot\advanced-discord-owo-tool-farm\src\events\commandCreate.ts
2025-10-20 11:35:03 [DEBUG] Loaded event: dmsCreate from A:\VS code\discord.js\owo bot\advanced-discord-owo-tool-farm\src\events\dmsCreate.ts
2025-10-20 11:35:03 [DEBUG] Loaded event: owoMessageEvent from A:\VS code\discord.js\owo bot\advanced-discord-owo-tool-farm\src\events\owoMessageCreate.ts
2025-10-20 11:35:03 [DEBUG] BaseAgent initialized successfully.
2025-10-20 11:35:03 [INFO] Logged in as: well.being.innocence
2025-10-20 11:35:05 [SENT] owo hunt
2025-10-20 11:35:34 [DEBUG] No response received within the specified time (1/5).
2025-10-20 11:35:39 [SENT] owo battle
2025-10-20 11:36:08 [DEBUG] No response received within the specified time (2/5).
2025-10-20 11:36:10 [DEBUG] Configuration updated: autoDaily changed from true to false
2025-10-20 11:36:11 [SENT] owo daily
2025-10-20 11:36:13 [SENT] owo prefix
2025-10-20 11:36:41 [DEBUG] No response received within the specified time (3/5).
2025-10-20 11:36:41 [DEBUG] Configuration updated: useCustomPrefix changed from true to false
2025-10-20 11:36:41 [WARNING] No new prefix found in response.
2025-10-20 11:36:47 [SENT] owo huntbot
2025-10-20 11:37:17 [DEBUG] Configuration updated: autoClover changed from true to false
2025-10-20 11:37:18 [SENT] owo clover 193189255634223105
2025-10-20 11:37:20 [DEBUG] Configuration updated: autoCookie changed from true to false
2025-10-20 11:37:22 [SENT] owo cookie 193189255634223105
2025-10-20 11:37:27 [SENT] owo hunt
2025-10-20 11:37:56 [DEBUG] No response received within the specified time (4/5).
2025-10-20 11:37:58 [SENT] owo battle
2025-10-20 11:38:27 [DEBUG] No response received within the specified time (5/5).
2025-10-20 11:38:27 [ERROR] Error running feature autoBattle:
2025-10-20 11:38:27 [ERROR] Invalid response count exceeded threshold.
Error: Invalid response count exceeded threshold.
    at MessageCollector.<anonymous> (file:///A:/VS%20code/discord.js/owo%20bot/advanced-discord-owo-tool-farm/src/structure/BaseAgent.ts:1:4177)
    at Object.onceWrapper (node:events:633:26)
    at MessageCollector.emit (node:events:530:35)
    at MessageCollector.stop (A:\VS code\discord.js\owo bot\advanced-discord-owo-tool-farm\node_modules\discord.js-selfbot-v13\src\structures\interfaces\Collector.js:199:10)
    at Timeout.<anonymous> (A:\VS code\discord.js\owo bot\advanced-discord-owo-tool-farm\node_modules\discord.js-selfbot-v13\src\structures\interfaces\Collector.js:89:61)
    at listOnTimeout (node:internal/timers:588:17)
    at process.processTimers (node:internal/timers:523:7)
2025-10-20 11:38:32 [SENT] owo hunt
2025-10-20 11:39:00 [DEBUG] No response received within the specified time (6/5).
2025-10-20 11:39:00 [ERROR] Error running feature autoHunt:
2025-10-20 11:39:00 [ERROR] Invalid response count exceeded threshold.
Error: Invalid response count exceeded threshold.
    at MessageCollector.<anonymous> (file:///A:/VS%20code/discord.js/owo%20bot/advanced-discord-owo-tool-farm/src/structure/BaseAgent.ts:1:4177)
    at Object.onceWrapper (node:events:633:26)
    at MessageCollector.emit (node:events:530:35)
    at MessageCollector.stop (A:\VS code\discord.js\owo bot\advanced-discord-owo-tool-farm\node_modules\discord.js-selfbot-v13\src\structures\interfaces\Collector.js:199:10)
    at Timeout.<anonymous> (A:\VS code\discord.js\owo bot\advanced-discord-owo-tool-farm\node_modules\discord.js-selfbot-v13\src\structures\interfaces\Collector.js:89:61)
    at listOnTimeout (node:internal/timers:588:17)
    at process.processTimers (node:internal/timers:523:7)
2025-10-20 11:39:02 [SENT] owo battle
2025-10-20 11:39:30 [DEBUG] No response received within the specified time (7/5).
2025-10-20 11:39:30 [ERROR] Error running feature autoBattle:
2025-10-20 11:39:30 [ERROR] Invalid response count exceeded threshold.
Error: Invalid response count exceeded threshold.
    at MessageCollector.<anonymous> (file:///A:/VS%20code/discord.js/owo%20bot/advanced-discord-owo-tool-farm/src/structure/BaseAgent.ts:1:4177)
    at Object.onceWrapper (node:events:633:26)
    at MessageCollector.emit (node:events:530:35)
    at MessageCollector.stop (A:\VS code\discord.js\owo bot\advanced-discord-owo-tool-farm\node_modules\discord.js-selfbot-v13\src\structures\interfaces\Collector.js:199:10)
    at Timeout.<anonymous> (A:\VS code\discord.js\owo bot\advanced-discord-owo-tool-farm\node_modules\discord.js-selfbot-v13\src\structures\interfaces\Collector.js:89:61)
    at listOnTimeout (node:internal/timers:588:17)
    at process.processTimers (node:internal/timers:523:7)
2025-10-20 11:39:39 [SENT] owo hunt
2025-10-20 11:40:07 [DEBUG] No response received within the specified time (8/5).
2025-10-20 11:40:07 [ERROR] Error running feature autoHunt:
2025-10-20 11:40:07 [ERROR] Invalid response count exceeded threshold.
Error: Invalid response count exceeded threshold.
    at MessageCollector.<anonymous> (file:///A:/VS%20code/discord.js/owo%20bot/advanced-discord-owo-tool-farm/src/structure/BaseAgent.ts:1:4177)
    at Object.onceWrapper (node:events:633:26)
    at MessageCollector.emit (node:events:530:35)
    at MessageCollector.stop (A:\VS code\discord.js\owo bot\advanced-discord-owo-tool-farm\node_modules\discord.js-selfbot-v13\src\structures\interfaces\Collector.js:199:10)
    at Timeout.<anonymous> (A:\VS code\discord.js\owo bot\advanced-discord-owo-tool-farm\node_modules\discord.js-selfbot-v13\src\structures\interfaces\Collector.js:89:61)
    at listOnTimeout (node:internal/timers:588:17)
    at process.processTimers (node:internal/timers:523:7)
2025-10-20 11:40:08 [SENT] owo battle
2025-10-20 11:40:37 [DEBUG] No response received within the specified time (9/5).
2025-10-20 11:40:37 [ERROR] Error running feature autoBattle:
2025-10-20 11:40:37 [ERROR] Invalid response count exceeded threshold.
Error: Invalid response count exceeded threshold.
    at MessageCollector.<anonymous> (file:///A:/VS%20code/discord.js/owo%20bot/advanced-discord-owo-tool-farm/src/structure/BaseAgent.ts:1:4177)
    at Object.onceWrapper (node:events:633:26)
    at MessageCollector.emit (node:events:530:35)
    at MessageCollector.stop (A:\VS code\discord.js\owo bot\advanced-discord-owo-tool-farm\node_modules\discord.js-selfbot-v13\src\structures\interfaces\Collector.js:199:10)
    at Timeout.<anonymous> (A:\VS code\discord.js\owo bot\advanced-discord-owo-tool-farm\node_modules\discord.js-selfbot-v13\src\structures\interfaces\Collector.js:89:61)
    at listOnTimeout (node:internal/timers:588:17)
    at process.processTimers (node:internal/timers:523:7)
2025-10-20 11:40:40 [SENT] owo hunt
2025-10-20 11:41:09 [DEBUG] No response received within the specified time (10/5).
2025-10-20 11:41:09 [ERROR] Error running feature autoHunt:
2025-10-20 11:41:09 [ERROR] Invalid response count exceeded threshold.
Error: Invalid response count exceeded threshold.
    at MessageCollector.<anonymous> (file:///A:/VS%20code/discord.js/owo%20bot/advanced-discord-owo-tool-farm/src/structure/BaseAgent.ts:1:4177)
    at Object.onceWrapper (node:events:633:26)
    at MessageCollector.emit (node:events:530:35)
    at MessageCollector.stop (A:\VS code\discord.js\owo bot\advanced-discord-owo-tool-farm\node_modules\discord.js-selfbot-v13\src\structures\interfaces\Collector.js:199:10)
    at Timeout.<anonymous> (A:\VS code\discord.js\owo bot\advanced-discord-owo-tool-farm\node_modules\discord.js-selfbot-v13\src\structures\interfaces\Collector.js:89:61)
    at listOnTimeout (node:internal/timers:588:17)
    at process.processTimers (node:internal/timers:523:7)
2025-10-20 11:41:10 [SENT] owo battle
2025-10-20 11:41:39 [DEBUG] No response received within the specified time (11/5).
2025-10-20 11:41:39 [ERROR] Error running feature autoBattle:
2025-10-20 11:41:39 [ERROR] Invalid response count exceeded threshold.
Error: Invalid response count exceeded threshold.
    at MessageCollector.<anonymous> (file:///A:/VS%20code/discord.js/owo%20bot/advanced-discord-owo-tool-farm/src/structure/BaseAgent.ts:1:4177)
    at Object.onceWrapper (node:events:633:26)
    at MessageCollector.emit (node:events:530:35)
    at MessageCollector.stop (A:\VS code\discord.js\owo bot\advanced-discord-owo-tool-farm\node_modules\discord.js-selfbot-v13\src\structures\interfaces\Collector.js:199:10)
    at Timeout.<anonymous> (A:\VS code\discord.js\owo bot\advanced-discord-owo-tool-farm\node_modules\discord.js-selfbot-v13\src\structures\interfaces\Collector.js:89:61)
    at listOnTimeout (node:internal/timers:588:17)
    at process.processTimers (node:internal/timers:523:7)
2025-10-20 11:41:44 [SENT] owo battle
2025-10-20 11:42:12 [DEBUG] No response received within the specified time (12/5).
2025-10-20 11:42:13 [ERROR] Error running feature autoBattle:
2025-10-20 11:42:13 [ERROR] Invalid response count exceeded threshold.
Error: Invalid response count exceeded threshold.
    at MessageCollector.<anonymous> (file:///A:/VS%20code/discord.js/owo%20bot/advanced-discord-owo-tool-farm/src/structure/BaseAgent.ts:1:4177)
    at Object.onceWrapper (node:events:633:26)
    at MessageCollector.emit (node:events:530:35)
    at MessageCollector.stop (A:\VS code\discord.js\owo bot\advanced-discord-owo-tool-farm\node_modules\discord.js-selfbot-v13\src\structures\interfaces\Collector.js:199:10)
    at Timeout.<anonymous> (A:\VS code\discord.js\owo bot\advanced-discord-owo-tool-farm\node_modules\discord.js-selfbot-v13\src\structures\interfaces\Collector.js:89:61)
    at listOnTimeout (node:internal/timers:588:17)
    at process.processTimers (node:internal/timers:523:7)
2025-10-20 11:42:14 [SENT] owo hunt
2025-10-20 11:42:43 [DEBUG] No response received within the specified time (13/5).
2025-10-20 11:42:43 [ERROR] Error running feature autoHunt:
2025-10-20 11:42:43 [ERROR] Invalid response count exceeded threshold.
Error: Invalid response count exceeded threshold.
    at MessageCollector.<anonymous> (file:///A:/VS%20code/discord.js/owo%20bot/advanced-discord-owo-tool-farm/src/structure/BaseAgent.ts:1:4177)
    at Object.onceWrapper (node:events:633:26)
    at MessageCollector.emit (node:events:530:35)
    at MessageCollector.stop (A:\VS code\discord.js\owo bot\advanced-discord-owo-tool-farm\node_modules\discord.js-selfbot-v13\src\structures\interfaces\Collector.js:199:10)
    at Timeout.<anonymous> (A:\VS code\discord.js\owo bot\advanced-discord-owo-tool-farm\node_modules\discord.js-selfbot-v13\src\structures\interfaces\Collector.js:89:61)
    at listOnTimeout (node:internal/timers:588:17)
    at process.processTimers (node:internal/timers:523:7)
2025-10-20 11:42:51 [SENT] owo battle
2025-10-20 11:43:20 [DEBUG] No response received within the specified time (14/5).
2025-10-20 11:43:20 [ERROR] Error running feature autoBattle:
2025-10-20 11:43:20 [ERROR] Invalid response count exceeded threshold.
Error: Invalid response count exceeded threshold.
    at MessageCollector.<anonymous> (file:///A:/VS%20code/discord.js/owo%20bot/advanced-discord-owo-tool-farm/src/structure/BaseAgent.ts:1:4177)
    at Object.onceWrapper (node:events:633:26)
    at MessageCollector.emit (node:events:530:35)
    at MessageCollector.stop (A:\VS code\discord.js\owo bot\advanced-discord-owo-tool-farm\node_modules\discord.js-selfbot-v13\src\structures\interfaces\Collector.js:199:10)
    at Timeout.<anonymous> (A:\VS code\discord.js\owo bot\advanced-discord-owo-tool-farm\node_modules\discord.js-selfbot-v13\src\structures\interfaces\Collector.js:89:61)
    at listOnTimeout (node:internal/timers:588:17)
    at process.processTimers (node:internal/timers:523:7)
2025-10-20 11:43:21 [SENT] owo hunt
2025-10-20 11:43:50 [DEBUG] No response received within the specified time (15/5).
2025-10-20 11:43:50 [ERROR] Error running feature autoHunt:
2025-10-20 11:43:50 [ERROR] Invalid response count exceeded threshold.
Error: Invalid response count exceeded threshold.
    at MessageCollector.<anonymous> (file:///A:/VS%20code/discord.js/owo%20bot/advanced-discord-owo-tool-farm/src/structure/BaseAgent.ts:1:4177)
    at Object.onceWrapper (node:events:633:26)
    at MessageCollector.emit (node:events:530:35)
    at MessageCollector.stop (A:\VS code\discord.js\owo bot\advanced-discord-owo-tool-farm\node_modules\discord.js-selfbot-v13\src\structures\interfaces\Collector.js:199:10)
    at Timeout.<anonymous> (A:\VS code\discord.js\owo bot\advanced-discord-owo-tool-farm\node_modules\discord.js-selfbot-v13\src\structures\interfaces\Collector.js:89:61)
    at listOnTimeout (node:internal/timers:588:17)
    at process.processTimers (node:internal/timers:523:7)
2025-10-20 11:43:57 [SENT] owo battle
2025-10-20 11:44:26 [DEBUG] No response received within the specified time (16/5).
2025-10-20 11:44:26 [ERROR] Error running feature autoBattle:
2025-10-20 11:44:26 [ERROR] Invalid response count exceeded threshold.
Error: Invalid response count exceeded threshold.
    at MessageCollector.<anonymous> (file:///A:/VS%20code/discord.js/owo%20bot/advanced-discord-owo-tool-farm/src/structure/BaseAgent.ts:1:4177)
    at Object.onceWrapper (node:events:633:26)
    at MessageCollector.emit (node:events:530:35)
    at MessageCollector.stop (A:\VS code\discord.js\owo bot\advanced-discord-owo-tool-farm\node_modules\discord.js-selfbot-v13\src\structures\interfaces\Collector.js:199:10)
    at Timeout.<anonymous> (A:\VS code\discord.js\owo bot\advanced-discord-owo-tool-farm\node_modules\discord.js-selfbot-v13\src\structures\interfaces\Collector.js:89:61)
    at listOnTimeout (node:internal/timers:588:17)
    at process.processTimers (node:internal/timers:523:7)
2025-10-20 11:44:27 [SENT] owo hunt
2025-10-20 11:44:56 [DEBUG] No response received within the specified time (17/5).
2025-10-20 11:44:56 [ERROR] Error running feature autoHunt:
2025-10-20 11:44:56 [ERROR] Invalid response count exceeded threshold.
Error: Invalid response count exceeded threshold.
    at MessageCollector.<anonymous> (file:///A:/VS%20code/discord.js/owo%20bot/advanced-discord-owo-tool-farm/src/structure/BaseAgent.ts:1:4177)
    at Object.onceWrapper (node:events:633:26)
    at MessageCollector.emit (node:events:530:35)
    at MessageCollector.stop (A:\VS code\discord.js\owo bot\advanced-discord-owo-tool-farm\node_modules\discord.js-selfbot-v13\src\structures\interfaces\Collector.js:199:10)
    at Timeout.<anonymous> (A:\VS code\discord.js\owo bot\advanced-discord-owo-tool-farm\node_modules\discord.js-selfbot-v13\src\structures\interfaces\Collector.js:89:61)
    at listOnTimeout (node:internal/timers:588:17)
    at process.processTimers (node:internal/timers:523:7)
2025-10-20 11:45:00 [SENT] owo battle
2025-10-20 11:45:28 [DEBUG] No response received within the specified time (18/5).
2025-10-20 11:45:28 [ERROR] Error running feature autoBattle:
2025-10-20 11:45:28 [ERROR] Invalid response count exceeded threshold.
Error: Invalid response count exceeded threshold.
    at MessageCollector.<anonymous> (file:///A:/VS%20code/discord.js/owo%20bot/advanced-discord-owo-tool-farm/src/structure/BaseAgent.ts:1:4177)
    at Object.onceWrapper (node:events:633:26)
    at MessageCollector.emit (node:events:530:35)
    at MessageCollector.stop (A:\VS code\discord.js\owo bot\advanced-discord-owo-tool-farm\node_modules\discord.js-selfbot-v13\src\structures\interfaces\Collector.js:199:10)
    at Timeout.<anonymous> (A:\VS code\discord.js\owo bot\advanced-discord-owo-tool-farm\node_modules\discord.js-selfbot-v13\src\structures\interfaces\Collector.js:89:61)
    at listOnTimeout (node:internal/timers:588:17)
    at process.processTimers (node:internal/timers:523:7)
2025-10-20 11:45:30 [SENT] owo hunt
2025-10-20 11:45:58 [DEBUG] No response received within the specified time (19/5).
2025-10-20 11:45:58 [ERROR] Error running feature autoHunt:
2025-10-20 11:45:58 [ERROR] Invalid response count exceeded threshold.
Error: Invalid response count exceeded threshold.
    at MessageCollector.<anonymous> (file:///A:/VS%20code/discord.js/owo%20bot/advanced-discord-owo-tool-farm/src/structure/BaseAgent.ts:1:4177)
    at Object.onceWrapper (node:events:633:26)
    at MessageCollector.emit (node:events:530:35)
    at MessageCollector.stop (A:\VS code\discord.js\owo bot\advanced-discord-owo-tool-farm\node_modules\discord.js-selfbot-v13\src\structures\interfaces\Collector.js:199:10)
    at Timeout.<anonymous> (A:\VS code\discord.js\owo bot\advanced-discord-owo-tool-farm\node_modules\discord.js-selfbot-v13\src\structures\interfaces\Collector.js:89:61)
    at listOnTimeout (node:internal/timers:588:17)
    at process.processTimers (node:internal/timers:523:7)
2025-10-20 11:46:04 [SENT] owo hunt
2025-10-20 11:46:33 [DEBUG] No response received within the specified time (20/5).
2025-10-20 11:46:33 [ERROR] Error running feature autoHunt:
2025-10-20 11:46:33 [ERROR] Invalid response count exceeded threshold.
Error: Invalid response count exceeded threshold.
    at MessageCollector.<anonymous> (file:///A:/VS%20code/discord.js/owo%20bot/advanced-discord-owo-tool-farm/src/structure/BaseAgent.ts:1:4177)
    at Object.onceWrapper (node:events:633:26)
    at MessageCollector.emit (node:events:530:35)
    at MessageCollector.stop (A:\VS code\discord.js\owo bot\advanced-discord-owo-tool-farm\node_modules\discord.js-selfbot-v13\src\structures\interfaces\Collector.js:199:10)
    at Timeout.<anonymous> (A:\VS code\discord.js\owo bot\advanced-discord-owo-tool-farm\node_modules\discord.js-selfbot-v13\src\structures\interfaces\Collector.js:89:61)
    at listOnTimeout (node:internal/timers:588:17)
    at process.processTimers (node:internal/timers:523:7)
2025-10-20 11:46:34 [SENT] owo battle
2025-10-20 11:47:03 [DEBUG] No response received within the specified time (21/5).
2025-10-20 11:47:03 [ERROR] Error running feature autoBattle:
2025-10-20 11:47:03 [ERROR] Invalid response count exceeded threshold.
Error: Invalid response count exceeded threshold.
    at MessageCollector.<anonymous> (file:///A:/VS%20code/discord.js/owo%20bot/advanced-discord-owo-tool-farm/src/structure/BaseAgent.ts:1:4177)
    at Object.onceWrapper (node:events:633:26)
    at MessageCollector.emit (node:events:530:35)
    at MessageCollector.stop (A:\VS code\discord.js\owo bot\advanced-discord-owo-tool-farm\node_modules\discord.js-selfbot-v13\src\structures\interfaces\Collector.js:199:10)
    at Timeout.<anonymous> (A:\VS code\discord.js\owo bot\advanced-discord-owo-tool-farm\node_modules\discord.js-selfbot-v13\src\structures\interfaces\Collector.js:89:61)
    at listOnTimeout (node:internal/timers:588:17)
    at process.processTimers (node:internal/timers:523:7)
2025-10-20 11:47:07 [SENT] owo hunt
2025-10-20 11:47:36 [DEBUG] No response received within the specified time (22/5).
2025-10-20 11:47:36 [ERROR] Error running feature autoHunt:
2025-10-20 11:47:36 [ERROR] Invalid response count exceeded threshold.
Error: Invalid response count exceeded threshold.
    at MessageCollector.<anonymous> (file:///A:/VS%20code/discord.js/owo%20bot/advanced-discord-owo-tool-farm/src/structure/BaseAgent.ts:1:4177)
    at Object.onceWrapper (node:events:633:26)
    at MessageCollector.emit (node:events:530:35)
    at MessageCollector.stop (A:\VS code\discord.js\owo bot\advanced-discord-owo-tool-farm\node_modules\discord.js-selfbot-v13\src\structures\interfaces\Collector.js:199:10)
    at Timeout.<anonymous> (A:\VS code\discord.js\owo bot\advanced-discord-owo-tool-farm\node_modules\discord.js-selfbot-v13\src\structures\interfaces\Collector.js:89:61)
    at listOnTimeout (node:internal/timers:588:17)
    at process.processTimers (node:internal/timers:523:7)
2025-10-20 11:47:38 [SENT] owo battle
2025-10-20 11:48:06 [DEBUG] No response received within the specified time (23/5).
2025-10-20 11:48:06 [ERROR] Error running feature autoBattle:
2025-10-20 11:48:06 [ERROR] Invalid response count exceeded threshold.
Error: Invalid response count exceeded threshold.
    at MessageCollector.<anonymous> (file:///A:/VS%20code/discord.js/owo%20bot/advanced-discord-owo-tool-farm/src/structure/BaseAgent.ts:1:4177)
    at Object.onceWrapper (node:events:633:26)
    at MessageCollector.emit (node:events:530:35)
    at MessageCollector.stop (A:\VS code\discord.js\owo bot\advanced-discord-owo-tool-farm\node_modules\discord.js-selfbot-v13\src\structures\interfaces\Collector.js:199:10)
    at Timeout.<anonymous> (A:\VS code\discord.js\owo bot\advanced-discord-owo-tool-farm\node_modules\discord.js-selfbot-v13\src\structures\interfaces\Collector.js:89:61)
    at listOnTimeout (node:internal/timers:588:17)
    at process.processTimers (node:internal/timers:523:7)
2025-10-20 11:48:09 [SENT] owo hunt
2025-10-20 11:48:38 [DEBUG] No response received within the specified time (24/5).
2025-10-20 11:48:38 [ERROR] Error running feature autoHunt:
2025-10-20 11:48:38 [ERROR] Invalid response count exceeded threshold.
Error: Invalid response count exceeded threshold.
    at MessageCollector.<anonymous> (file:///A:/VS%20code/discord.js/owo%20bot/advanced-discord-owo-tool-farm/src/structure/BaseAgent.ts:1:4177)
    at Object.onceWrapper (node:events:633:26)
    at MessageCollector.emit (node:events:530:35)
    at MessageCollector.stop (A:\VS code\discord.js\owo bot\advanced-discord-owo-tool-farm\node_modules\discord.js-selfbot-v13\src\structures\interfaces\Collector.js:199:10)
    at Timeout.<anonymous> (A:\VS code\discord.js\owo bot\advanced-discord-owo-tool-farm\node_modules\discord.js-selfbot-v13\src\structures\interfaces\Collector.js:89:61)
    at listOnTimeout (node:internal/timers:588:17)
    at process.processTimers (node:internal/timers:523:7)
2025-10-20 11:48:39 [SENT] owo battle
